[2026-03-30 14:41:48] Meta Feed: Start: Generating Meta CSV
[2026-03-30 14:41:53] Meta Feed: Success: 71 products written to meta_products.csv (24.8 KB)
[2026-03-30 14:41:53] Meta Feed: Info: Image stats - webp=71, fallback=0, skipped=0
[2026-03-30 14:41:53] Meta Feed: Info: URL - https://poshystore.com/feeds/meta_products.csv
[2026-03-30 14:42:52] Meta Feed: Start: Generating Meta CSV
[2026-03-30 14:42:52] Meta Feed: Success: 71 products written to meta_products.csv (24.8 KB)
[2026-03-30 14:42:52] Meta Feed: Info: Image stats - webp=71, fallback=0, skipped=0
[2026-03-30 14:42:52] Meta Feed: Info: URL - https://poshystore.com/feeds/meta_products.csv
[2026-03-30 14:49:29] Meta Feed: Start: Generating Meta CSV
[2026-03-30 14:49:29] Meta Feed: Success: 71 products written to meta_products.csv (24.8 KB)
[2026-03-30 14:49:29] Meta Feed: Info: Image stats - webp=71, fallback=0, skipped=0
[2026-03-30 14:49:29] Meta Feed: Info: URL - https://poshystore.com/feeds/meta_products.csv
[2026-03-30 15:53:51] Meta Feed: Start: Generating Meta CSV
[2026-03-30 15:53:51] Meta Feed: Success: 71 products written to meta_products.csv (24.8 KB)
[2026-03-30 15:53:51] Meta Feed: Info: Image stats - webp=71, fallback=0, skipped=0
[2026-03-30 15:53:51] Meta Feed: Info: URL - https://poshystore.com/feeds/meta_products.csv
[2026-03-30 15:53:52] Meta Feed: Start: Generating Meta CSV
[2026-03-30 15:53:52] Meta Feed: Success: 71 products written to meta_products.csv (24.8 KB)
[2026-03-30 15:53:52] Meta Feed: Info: Image stats - webp=71, fallback=0, skipped=0
[2026-03-30 15:53:52] Meta Feed: Info: URL - https://poshystore.com/feeds/meta_products.csv
[2026-03-30 15:54:13] Meta Feed: Start: Generating Meta CSV
[2026-03-30 15:54:13] Meta Feed: Success: 71 products written to meta_products.csv (24.8 KB)
[2026-03-30 15:54:13] Meta Feed: Info: Image stats - webp=71, fallback=0, skipped=0
[2026-03-30 15:54:13] Meta Feed: Info: URL - https://poshystore.com/feeds/meta_products.csv
[2026-03-30 15:54:14] Meta Feed: Start: Generating Meta CSV
[2026-03-30 15:54:14] Meta Feed: Success: 71 products written to meta_products.csv (24.8 KB)
[2026-03-30 15:54:14] Meta Feed: Info: Image stats - webp=71, fallback=0, skipped=0
[2026-03-30 15:54:14] Meta Feed: Info: URL - https://poshystore.com/feeds/meta_products.csv
[2026-03-30 18:09:27] Meta Feed: Start: Generating Meta CSV
[2026-03-30 18:09:27] Meta Feed: Error: Cannot open file for writing: /var/www/html/feeds/meta_products.csv
[2026-03-30 18:09:28] Meta Feed: Start: Generating Meta CSV
[2026-03-30 18:09:28] Meta Feed: Error: Cannot open file for writing: /var/www/html/feeds/meta_products.csv
[2026-03-30 18:11:09] Meta Feed: Start: Generating Meta CSV
[2026-03-30 18:11:09] Meta Feed: Error: Cannot open file for writing: /var/www/html/feeds/meta_products.csv
[2026-03-30 18:11:09] Meta Feed: Start: Generating Meta CSV
[2026-03-30 18:11:09] Meta Feed: Error: Cannot open file for writing: /var/www/html/feeds/meta_products.csv
[2026-03-30 18:11:47] Meta Feed: Start: Generating Meta CSV
[2026-03-30 18:11:47] Meta Feed: Error: Cannot open file for writing: /var/www/html/feeds/meta_products.csv
[2026-03-30 18:11:50] Meta Feed: Start: Generating Meta CSV
[2026-03-30 18:11:50] Meta Feed: Error: Cannot open file for writing: /var/www/html/feeds/meta_products.csv
[2026-03-30 18:11:51] Meta Feed: Start: Generating Meta CSV
[2026-03-30 18:11:51] Meta Feed: Error: Cannot open file for writing: /var/www/html/feeds/meta_products.csv
[2026-03-30 18:13:26] Meta Feed: Start: Generating Meta CSV
[2026-03-30 18:13:27] Meta Feed: Success: 71 products written to meta_products.csv (24.6 KB)
[2026-03-30 18:13:27] Meta Feed: Info: Image stats - webp=71, fallback=0, skipped=0
[2026-03-30 18:13:27] Meta Feed: Info: URL - https://poshystore.com/feeds/meta_products.csv
[2026-03-30 18:13:47] Meta Feed: Start: Generating Meta CSV
[2026-03-30 18:13:47] Meta Feed: Success: 71 products written to meta_products.csv (24.6 KB)
[2026-03-30 18:13:47] Meta Feed: Info: Image stats - webp=71, fallback=0, skipped=0
[2026-03-30 18:13:47] Meta Feed: Info: URL - https://poshystore.com/feeds/meta_products.csv
[2026-03-30 20:05:44] Meta Feed: Start: Generating Meta CSV
[2026-03-30 20:05:44] Meta Feed: Success: 71 products written to meta_products.csv (24.6 KB)
[2026-03-30 20:05:44] Meta Feed: Info: Image stats - webp=71, fallback=0, skipped=0
[2026-03-30 20:05:44] Meta Feed: Info: URL - https://poshystore.com/feeds/meta_products.csv
[2026-03-30 21:05:40] Meta Feed: Start: Generating Meta CSV
[2026-03-30 21:05:41] Meta Feed: Success: 71 products written to meta_products.csv (24.6 KB)
[2026-03-30 21:05:41] Meta Feed: Info: Image stats - webp=71, fallback=0, skipped=0
[2026-03-30 21:05:41] Meta Feed: Info: URL - https://poshystore.com/feeds/meta_products.csv
[2026-03-30 22:05:11] Meta Feed: Start: Generating Meta CSV
[2026-03-30 22:05:11] Meta Feed: Success: 71 products written to meta_products.csv (24.6 KB)
[2026-03-30 22:05:11] Meta Feed: Info: Image stats - webp=71, fallback=0, skipped=0
[2026-03-30 22:05:11] Meta Feed: Info: URL - https://poshystore.com/feeds/meta_products.csv
[2026-03-30 23:05:51] Meta Feed: Start: Generating Meta CSV
[2026-03-30 23:05:51] Meta Feed: Success: 71 products written to meta_products.csv (24.6 KB)
[2026-03-30 23:05:51] Meta Feed: Info: Image stats - webp=71, fallback=0, skipped=0
[2026-03-30 23:05:51] Meta Feed: Info: URL - https://poshystore.com/feeds/meta_products.csv
[2026-03-31 00:06:22] Meta Feed: Start: Generating Meta CSV
[2026-03-31 00:06:22] Meta Feed: Success: 71 products written to meta_products.csv (24.6 KB)
[2026-03-31 00:06:22] Meta Feed: Info: Image stats - webp=71, fallback=0, skipped=0
[2026-03-31 00:06:22] Meta Feed: Info: URL - https://poshystore.com/feeds/meta_products.csv
[2026-03-31 01:06:16] Meta Feed: Start: Generating Meta CSV
[2026-03-31 01:06:16] Meta Feed: Success: 71 products written to meta_products.csv (24.6 KB)
[2026-03-31 01:06:16] Meta Feed: Info: Image stats - webp=71, fallback=0, skipped=0
[2026-03-31 01:06:16] Meta Feed: Info: URL - https://poshystore.com/feeds/meta_products.csv
[2026-03-31 02:06:52] Meta Feed: Start: Generating Meta CSV
[2026-03-31 02:06:53] Meta Feed: Success: 71 products written to meta_products.csv (24.6 KB)
[2026-03-31 02:06:53] Meta Feed: Info: Image stats - webp=71, fallback=0, skipped=0
[2026-03-31 02:06:53] Meta Feed: Info: URL - https://poshystore.com/feeds/meta_products.csv
[2026-03-31 03:05:25] Meta Feed: Start: Generating Meta CSV
[2026-03-31 03:05:25] Meta Feed: Success: 71 products written to meta_products.csv (24.6 KB)
[2026-03-31 03:05:25] Meta Feed: Info: Image stats - webp=71, fallback=0, skipped=0
[2026-03-31 03:05:25] Meta Feed: Info: URL - https://poshystore.com/feeds/meta_products.csv
[2026-03-31 04:05:49] Meta Feed: Start: Generating Meta CSV
[2026-03-31 04:05:49] Meta Feed: Success: 71 products written to meta_products.csv (24.6 KB)
[2026-03-31 04:05:49] Meta Feed: Info: Image stats - webp=71, fallback=0, skipped=0
[2026-03-31 04:05:49] Meta Feed: Info: URL - https://poshystore.com/feeds/meta_products.csv
[2026-03-31 05:05:48] Meta Feed: Start: Generating Meta CSV
[2026-03-31 05:05:48] Meta Feed: Success: 71 products written to meta_products.csv (24.6 KB)
[2026-03-31 05:05:48] Meta Feed: Info: Image stats - webp=71, fallback=0, skipped=0
[2026-03-31 05:05:48] Meta Feed: Info: URL - https://poshystore.com/feeds/meta_products.csv
[2026-03-31 06:06:11] Meta Feed: Start: Generating Meta CSV
[2026-03-31 06:06:11] Meta Feed: Success: 71 products written to meta_products.csv (24.6 KB)
[2026-03-31 06:06:11] Meta Feed: Info: Image stats - webp=71, fallback=0, skipped=0
[2026-03-31 06:06:11] Meta Feed: Info: URL - https://poshystore.com/feeds/meta_products.csv
[2026-03-31 07:06:03] Meta Feed: Start: Generating Meta CSV
[2026-03-31 07:06:03] Meta Feed: Success: 71 products written to meta_products.csv (24.6 KB)
[2026-03-31 07:06:03] Meta Feed: Info: Image stats - webp=71, fallback=0, skipped=0
[2026-03-31 07:06:03] Meta Feed: Info: URL - https://poshystore.com/feeds/meta_products.csv
[2026-03-31 08:06:10] Meta Feed: Start: Generating Meta CSV
[2026-03-31 08:06:10] Meta Feed: Success: 71 products written to meta_products.csv (24.6 KB)
[2026-03-31 08:06:10] Meta Feed: Info: Image stats - webp=71, fallback=0, skipped=0
[2026-03-31 08:06:10] Meta Feed: Info: URL - https://poshystore.com/feeds/meta_products.csv
[2026-03-31 09:05:53] Meta Feed: Start: Generating Meta CSV
[2026-03-31 09:05:53] Meta Feed: Success: 71 products written to meta_products.csv (24.6 KB)
[2026-03-31 09:05:53] Meta Feed: Info: Image stats - webp=71, fallback=0, skipped=0
[2026-03-31 09:05:53] Meta Feed: Info: URL - https://poshystore.com/feeds/meta_products.csv
[2026-03-31 10:06:15] Meta Feed: Start: Generating Meta CSV
[2026-03-31 10:06:15] Meta Feed: Success: 71 products written to meta_products.csv (24.6 KB)
[2026-03-31 10:06:15] Meta Feed: Info: Image stats - webp=71, fallback=0, skipped=0
[2026-03-31 10:06:15] Meta Feed: Info: URL - https://poshystore.com/feeds/meta_products.csv
[2026-03-31 11:06:47] Meta Feed: Start: Generating Meta CSV
[2026-03-31 11:06:47] Meta Feed: Success: 71 products written to meta_products.csv (24.6 KB)
[2026-03-31 11:06:47] Meta Feed: Info: Image stats - webp=71, fallback=0, skipped=0
[2026-03-31 11:06:47] Meta Feed: Info: URL - https://poshystore.com/feeds/meta_products.csv
[2026-03-31 12:06:29] Meta Feed: Start: Generating Meta CSV
[2026-03-31 12:06:29] Meta Feed: Success: 71 products written to meta_products.csv (24.6 KB)
[2026-03-31 12:06:29] Meta Feed: Info: Image stats - webp=71, fallback=0, skipped=0
[2026-03-31 12:06:29] Meta Feed: Info: URL - https://poshystore.com/feeds/meta_products.csv
[2026-03-31 13:06:55] Meta Feed: Start: Generating Meta CSV
[2026-03-31 13:06:55] Meta Feed: Success: 71 products written to meta_products.csv (24.6 KB)
[2026-03-31 13:06:55] Meta Feed: Info: Image stats - webp=71, fallback=0, skipped=0
[2026-03-31 13:06:55] Meta Feed: Info: URL - https://poshystore.com/feeds/meta_products.csv
[2026-03-31 14:05:07] Meta Feed: Start: Generating Meta CSV
[2026-03-31 14:05:07] Meta Feed: Success: 71 products written to meta_products.csv (24.6 KB)
[2026-03-31 14:05:07] Meta Feed: Info: Image stats - webp=71, fallback=0, skipped=0
[2026-03-31 14:05:07] Meta Feed: Info: URL - https://poshystore.com/feeds/meta_products.csv
[2026-03-31 15:05:07] Meta Feed: Start: Generating Meta CSV
[2026-03-31 15:05:07] Meta Feed: Success: 71 products written to meta_products.csv (24.6 KB)
[2026-03-31 15:05:07] Meta Feed: Info: Image stats - webp=71, fallback=0, skipped=0
[2026-03-31 15:05:07] Meta Feed: Info: URL - https://poshystore.com/feeds/meta_products.csv
[2026-03-31 16:07:02] Meta Feed: Start: Generating Meta CSV
[2026-03-31 16:07:02] Meta Feed: Success: 71 products written to meta_products.csv (24.6 KB)
[2026-03-31 16:07:02] Meta Feed: Info: Image stats - webp=71, fallback=0, skipped=0
[2026-03-31 16:07:02] Meta Feed: Info: URL - https://poshystore.com/feeds/meta_products.csv
[2026-03-31 17:06:36] Meta Feed: Start: Generating Meta CSV
[2026-03-31 17:06:36] Meta Feed: Success: 71 products written to meta_products.csv (24.6 KB)
[2026-03-31 17:06:36] Meta Feed: Info: Image stats - webp=71, fallback=0, skipped=0
[2026-03-31 17:06:36] Meta Feed: Info: URL - https://poshystore.com/feeds/meta_products.csv
[2026-03-31 18:05:06] Meta Feed: Start: Generating Meta CSV
[2026-03-31 18:05:06] Meta Feed: Success: 71 products written to meta_products.csv (24.6 KB)
[2026-03-31 18:05:06] Meta Feed: Info: Image stats - webp=71, fallback=0, skipped=0
[2026-03-31 18:05:06] Meta Feed: Info: URL - https://poshystore.com/feeds/meta_products.csv
[2026-03-31 19:05:15] Meta Feed: Start: Generating Meta CSV
[2026-03-31 19:05:15] Meta Feed: Success: 71 products written to meta_products.csv (24.6 KB)
[2026-03-31 19:05:15] Meta Feed: Info: Image stats - webp=71, fallback=0, skipped=0
[2026-03-31 19:05:15] Meta Feed: Info: URL - https://poshystore.com/feeds/meta_products.csv
[2026-03-31 20:05:14] Meta Feed: Start: Generating Meta CSV
[2026-03-31 20:05:14] Meta Feed: Success: 71 products written to meta_products.csv (24.6 KB)
[2026-03-31 20:05:14] Meta Feed: Info: Image stats - webp=71, fallback=0, skipped=0
[2026-03-31 20:05:14] Meta Feed: Info: URL - https://poshystore.com/feeds/meta_products.csv
[2026-03-31 21:05:54] Meta Feed: Start: Generating Meta CSV
[2026-03-31 21:05:54] Meta Feed: Success: 71 products written to meta_products.csv (24.6 KB)
[2026-03-31 21:05:54] Meta Feed: Info: Image stats - webp=71, fallback=0, skipped=0
[2026-03-31 21:05:54] Meta Feed: Info: URL - https://poshystore.com/feeds/meta_products.csv
[2026-03-31 22:05:49] Meta Feed: Start: Generating Meta CSV
[2026-03-31 22:05:49] Meta Feed: Success: 71 products written to meta_products.csv (24.6 KB)
[2026-03-31 22:05:49] Meta Feed: Info: Image stats - webp=71, fallback=0, skipped=0
[2026-03-31 22:05:49] Meta Feed: Info: URL - https://poshystore.com/feeds/meta_products.csv
[2026-03-31 23:06:50] Meta Feed: Start: Generating Meta CSV
[2026-03-31 23:06:50] Meta Feed: Success: 71 products written to meta_products.csv (24.6 KB)
[2026-03-31 23:06:50] Meta Feed: Info: Image stats - webp=71, fallback=0, skipped=0
[2026-03-31 23:06:50] Meta Feed: Info: URL - https://poshystore.com/feeds/meta_products.csv
[2026-04-01 00:06:40] Meta Feed: Start: Generating Meta CSV
[2026-04-01 00:06:40] Meta Feed: Success: 71 products written to meta_products.csv (24.6 KB)
[2026-04-01 00:06:40] Meta Feed: Info: Image stats - webp=71, fallback=0, skipped=0
[2026-04-01 00:06:40] Meta Feed: Info: URL - https://poshystore.com/feeds/meta_products.csv
[2026-04-01 01:05:09] Meta Feed: Start: Generating Meta CSV
[2026-04-01 01:05:09] Meta Feed: Success: 71 products written to meta_products.csv (24.6 KB)
[2026-04-01 01:05:09] Meta Feed: Info: Image stats - webp=71, fallback=0, skipped=0
[2026-04-01 01:05:09] Meta Feed: Info: URL - https://poshystore.com/feeds/meta_products.csv
[2026-04-01 02:05:43] Meta Feed: Start: Generating Meta CSV
[2026-04-01 02:05:43] Meta Feed: Success: 71 products written to meta_products.csv (24.6 KB)
[2026-04-01 02:05:43] Meta Feed: Info: Image stats - webp=71, fallback=0, skipped=0
[2026-04-01 02:05:43] Meta Feed: Info: URL - https://poshystore.com/feeds/meta_products.csv
[2026-04-01 03:06:31] Meta Feed: Start: Generating Meta CSV
[2026-04-01 03:06:31] Meta Feed: Success: 71 products written to meta_products.csv (24.6 KB)
[2026-04-01 03:06:31] Meta Feed: Info: Image stats - webp=71, fallback=0, skipped=0
[2026-04-01 03:06:31] Meta Feed: Info: URL - https://poshystore.com/feeds/meta_products.csv
[2026-04-01 04:05:36] Meta Feed: Start: Generating Meta CSV
[2026-04-01 04:05:36] Meta Feed: Success: 71 products written to meta_products.csv (24.6 KB)
[2026-04-01 04:05:36] Meta Feed: Info: Image stats - webp=71, fallback=0, skipped=0
[2026-04-01 04:05:36] Meta Feed: Info: URL - https://poshystore.com/feeds/meta_products.csv
[2026-04-01 05:06:53] Meta Feed: Start: Generating Meta CSV
[2026-04-01 05:06:53] Meta Feed: Success: 71 products written to meta_products.csv (24.6 KB)
[2026-04-01 05:06:53] Meta Feed: Info: Image stats - webp=71, fallback=0, skipped=0
[2026-04-01 05:06:53] Meta Feed: Info: URL - https://poshystore.com/feeds/meta_products.csv
[2026-04-01 06:05:46] Meta Feed: Start: Generating Meta CSV
[2026-04-01 06:05:46] Meta Feed: Success: 71 products written to meta_products.csv (24.6 KB)
[2026-04-01 06:05:46] Meta Feed: Info: Image stats - webp=71, fallback=0, skipped=0
[2026-04-01 06:05:46] Meta Feed: Info: URL - https://poshystore.com/feeds/meta_products.csv
[2026-04-01 07:06:43] Meta Feed: Start: Generating Meta CSV
[2026-04-01 07:06:43] Meta Feed: Success: 71 products written to meta_products.csv (24.6 KB)
[2026-04-01 07:06:43] Meta Feed: Info: Image stats - webp=71, fallback=0, skipped=0
[2026-04-01 07:06:43] Meta Feed: Info: URL - https://poshystore.com/feeds/meta_products.csv
[2026-04-01 08:06:27] Meta Feed: Start: Generating Meta CSV
[2026-04-01 08:06:27] Meta Feed: Success: 71 products written to meta_products.csv (24.6 KB)
[2026-04-01 08:06:27] Meta Feed: Info: Image stats - webp=71, fallback=0, skipped=0
[2026-04-01 08:06:27] Meta Feed: Info: URL - https://poshystore.com/feeds/meta_products.csv
[2026-04-01 09:05:08] Meta Feed: Start: Generating Meta CSV
[2026-04-01 09:05:08] Meta Feed: Success: 71 products written to meta_products.csv (24.6 KB)
[2026-04-01 09:05:08] Meta Feed: Info: Image stats - webp=71, fallback=0, skipped=0
[2026-04-01 09:05:08] Meta Feed: Info: URL - https://poshystore.com/feeds/meta_products.csv
[2026-04-01 10:06:50] Meta Feed: Start: Generating Meta CSV
[2026-04-01 10:06:50] Meta Feed: Success: 71 products written to meta_products.csv (24.6 KB)
[2026-04-01 10:06:50] Meta Feed: Info: Image stats - webp=71, fallback=0, skipped=0
[2026-04-01 10:06:50] Meta Feed: Info: URL - https://poshystore.com/feeds/meta_products.csv
[2026-04-01 11:06:38] Meta Feed: Start: Generating Meta CSV
[2026-04-01 11:06:38] Meta Feed: Success: 71 products written to meta_products.csv (24.6 KB)
[2026-04-01 11:06:38] Meta Feed: Info: Image stats - webp=71, fallback=0, skipped=0
[2026-04-01 11:06:38] Meta Feed: Info: URL - https://poshystore.com/feeds/meta_products.csv
[2026-04-01 12:05:58] Meta Feed: Start: Generating Meta CSV
[2026-04-01 12:05:58] Meta Feed: Success: 71 products written to meta_products.csv (24.6 KB)
[2026-04-01 12:05:58] Meta Feed: Info: Image stats - webp=71, fallback=0, skipped=0
[2026-04-01 12:05:58] Meta Feed: Info: URL - https://poshystore.com/feeds/meta_products.csv
[2026-04-01 09:24:30] Meta Feed: Start: Generating Meta CSV
[2026-04-01 09:24:30] Meta Feed: Success: 71 products written to meta_products.csv (24.6 KB)
[2026-04-01 09:24:30] Meta Feed: Info: Image stats - webp=71, fallback=0, skipped=0
[2026-04-01 09:24:30] Meta Feed: Info: URL - https://poshystore.com/feeds/meta_products.csv
[2026-04-01 09:26:09] Meta Feed: Start: Generating Meta CSV
[2026-04-01 09:26:09] Meta Feed: Success: 71 products written to meta_products.csv (24.6 KB)
[2026-04-01 09:26:09] Meta Feed: Info: Image stats - webp=71, fallback=0, skipped=0
[2026-04-01 09:26:09] Meta Feed: Info: URL - https://poshystore.com/feeds/meta_products.csv
[2026-04-01 12:26:40] Meta Feed: Start: Generating Meta CSV
[2026-04-01 12:26:40] Meta Feed: Success: 71 products written to meta_products.csv (24.6 KB)
[2026-04-01 12:26:40] Meta Feed: Info: Image stats - webp=71, fallback=0, skipped=0
[2026-04-01 12:26:40] Meta Feed: Info: URL - https://poshystore.com/feeds/meta_products.csv
[2026-04-01 12:28:49] Meta Feed: Start: Generating Meta CSV
[2026-04-01 12:28:49] Meta Feed: Success: 71 products written to meta_products.csv (24.6 KB)
[2026-04-01 12:28:49] Meta Feed: Info: Image stats - webp=71, fallback=0, skipped=0
[2026-04-01 12:28:49] Meta Feed: Info: URL - https://poshystore.com/feeds/meta_products.csv
[2026-04-01 12:28:51] Meta Feed: Start: Generating Meta CSV
[2026-04-01 12:28:51] Meta Feed: Success: 71 products written to meta_products.csv (24.6 KB)
[2026-04-01 12:28:51] Meta Feed: Info: Image stats - webp=71, fallback=0, skipped=0
[2026-04-01 12:28:51] Meta Feed: Info: URL - https://poshystore.com/feeds/meta_products.csv
[2026-04-01 12:29:12] Meta Feed: Start: Generating Meta CSV
[2026-04-01 12:29:12] Meta Feed: Success: 71 products written to meta_products.csv (24.6 KB)
[2026-04-01 12:29:12] Meta Feed: Info: Image stats - webp=71, fallback=0, skipped=0
[2026-04-01 12:29:12] Meta Feed: Info: URL - https://poshystore.com/feeds/meta_products.csv
[2026-04-01 12:30:36] Meta Feed: Start: Generating Meta CSV
[2026-04-01 12:30:36] Meta Feed: Success: 71 products written to meta_products.csv (24.6 KB)
[2026-04-01 12:30:36] Meta Feed: Info: Image stats - webp=71, fallback=0, skipped=0
[2026-04-01 12:30:36] Meta Feed: Info: URL - https://poshystore.com/feeds/meta_products.csv
[2026-04-01 12:30:37] Meta Feed: Start: Generating Meta CSV
[2026-04-01 12:30:37] Meta Feed: Success: 71 products written to meta_products.csv (24.6 KB)
[2026-04-01 12:30:37] Meta Feed: Info: Image stats - webp=71, fallback=0, skipped=0
[2026-04-01 12:30:37] Meta Feed: Info: URL - https://poshystore.com/feeds/meta_products.csv
[2026-04-01 13:05:54] Meta Feed: Start: Generating Meta CSV
[2026-04-01 13:05:54] Meta Feed: Success: 71 products written to meta_products.csv (24.6 KB)
[2026-04-01 13:05:54] Meta Feed: Info: Image stats - webp=71, fallback=0, skipped=0
[2026-04-01 13:05:54] Meta Feed: Info: URL - https://poshystore.com/feeds/meta_products.csv
[2026-04-01 14:05:16] Meta Feed: Start: Generating Meta CSV
[2026-04-01 14:05:16] Meta Feed: Success: 71 products written to meta_products.csv (24.6 KB)
[2026-04-01 14:05:16] Meta Feed: Info: Image stats - webp=71, fallback=0, skipped=0
[2026-04-01 14:05:16] Meta Feed: Info: URL - https://poshystore.com/feeds/meta_products.csv
[2026-04-01 15:05:56] Meta Feed: Start: Generating Meta CSV
[2026-04-01 15:05:56] Meta Feed: Success: 71 products written to meta_products.csv (24.6 KB)
[2026-04-01 15:05:56] Meta Feed: Info: Image stats - webp=71, fallback=0, skipped=0
[2026-04-01 15:05:56] Meta Feed: Info: URL - https://poshystore.com/feeds/meta_products.csv
[2026-04-01 16:05:19] Meta Feed: Start: Generating Meta CSV
[2026-04-01 16:05:19] Meta Feed: Success: 71 products written to meta_products.csv (24.6 KB)
[2026-04-01 16:05:19] Meta Feed: Info: Image stats - webp=71, fallback=0, skipped=0
[2026-04-01 16:05:19] Meta Feed: Info: URL - https://poshystore.com/feeds/meta_products.csv
[2026-04-01 17:05:46] Meta Feed: Start: Generating Meta CSV
[2026-04-01 17:05:47] Meta Feed: Success: 71 products written to meta_products.csv (24.6 KB)
[2026-04-01 17:05:47] Meta Feed: Info: Image stats - webp=71, fallback=0, skipped=0
[2026-04-01 17:05:47] Meta Feed: Info: URL - https://poshystore.com/feeds/meta_products.csv
[2026-04-01 18:06:26] Meta Feed: Start: Generating Meta CSV
[2026-04-01 18:06:26] Meta Feed: Success: 71 products written to meta_products.csv (24.6 KB)
[2026-04-01 18:06:26] Meta Feed: Info: Image stats - webp=71, fallback=0, skipped=0
[2026-04-01 18:06:26] Meta Feed: Info: URL - https://poshystore.com/feeds/meta_products.csv
[2026-04-01 19:05:19] Meta Feed: Start: Generating Meta CSV
[2026-04-01 19:05:20] Meta Feed: Success: 71 products written to meta_products.csv (24.6 KB)
[2026-04-01 19:05:20] Meta Feed: Info: Image stats - webp=71, fallback=0, skipped=0
[2026-04-01 19:05:20] Meta Feed: Info: URL - https://poshystore.com/feeds/meta_products.csv
[2026-04-01 20:06:22] Meta Feed: Start: Generating Meta CSV
[2026-04-01 20:06:22] Meta Feed: Success: 71 products written to meta_products.csv (24.6 KB)
[2026-04-01 20:06:22] Meta Feed: Info: Image stats - webp=71, fallback=0, skipped=0
[2026-04-01 20:06:22] Meta Feed: Info: URL - https://poshystore.com/feeds/meta_products.csv
[2026-04-01 21:05:15] Meta Feed: Start: Generating Meta CSV
[2026-04-01 21:05:15] Meta Feed: Success: 71 products written to meta_products.csv (24.6 KB)
[2026-04-01 21:05:15] Meta Feed: Info: Image stats - webp=71, fallback=0, skipped=0
[2026-04-01 21:05:15] Meta Feed: Info: URL - https://poshystore.com/feeds/meta_products.csv
[2026-04-01 22:06:34] Meta Feed: Start: Generating Meta CSV
[2026-04-01 22:06:34] Meta Feed: Success: 71 products written to meta_products.csv (24.6 KB)
[2026-04-01 22:06:34] Meta Feed: Info: Image stats - webp=71, fallback=0, skipped=0
[2026-04-01 22:06:34] Meta Feed: Info: URL - https://poshystore.com/feeds/meta_products.csv
[2026-04-01 23:06:06] Meta Feed: Start: Generating Meta CSV
[2026-04-01 23:06:06] Meta Feed: Success: 71 products written to meta_products.csv (24.6 KB)
[2026-04-01 23:06:06] Meta Feed: Info: Image stats - webp=71, fallback=0, skipped=0
[2026-04-01 23:06:06] Meta Feed: Info: URL - https://poshystore.com/feeds/meta_products.csv
[2026-04-02 00:06:00] Meta Feed: Start: Generating Meta CSV
[2026-04-02 00:06:00] Meta Feed: Success: 71 products written to meta_products.csv (24.6 KB)
[2026-04-02 00:06:00] Meta Feed: Info: Image stats - webp=71, fallback=0, skipped=0
[2026-04-02 00:06:00] Meta Feed: Info: URL - https://poshystore.com/feeds/meta_products.csv
[2026-04-02 01:05:38] Meta Feed: Start: Generating Meta CSV
[2026-04-02 01:05:38] Meta Feed: Success: 71 products written to meta_products.csv (24.6 KB)
[2026-04-02 01:05:38] Meta Feed: Info: Image stats - webp=71, fallback=0, skipped=0
[2026-04-02 01:05:38] Meta Feed: Info: URL - https://poshystore.com/feeds/meta_products.csv
[2026-04-02 02:05:51] Meta Feed: Start: Generating Meta CSV
[2026-04-02 02:05:51] Meta Feed: Success: 71 products written to meta_products.csv (24.6 KB)
[2026-04-02 02:05:51] Meta Feed: Info: Image stats - webp=71, fallback=0, skipped=0
[2026-04-02 02:05:51] Meta Feed: Info: URL - https://poshystore.com/feeds/meta_products.csv
[2026-04-02 03:06:30] Meta Feed: Start: Generating Meta CSV
[2026-04-02 03:06:30] Meta Feed: Success: 71 products written to meta_products.csv (24.6 KB)
[2026-04-02 03:06:30] Meta Feed: Info: Image stats - webp=71, fallback=0, skipped=0
[2026-04-02 03:06:30] Meta Feed: Info: URL - https://poshystore.com/feeds/meta_products.csv
[2026-04-02 04:06:05] Meta Feed: Start: Generating Meta CSV
[2026-04-02 04:06:05] Meta Feed: Success: 71 products written to meta_products.csv (24.6 KB)
[2026-04-02 04:06:05] Meta Feed: Info: Image stats - webp=71, fallback=0, skipped=0
[2026-04-02 04:06:05] Meta Feed: Info: URL - https://poshystore.com/feeds/meta_products.csv
[2026-04-02 05:05:27] Meta Feed: Start: Generating Meta CSV
[2026-04-02 05:05:28] Meta Feed: Success: 71 products written to meta_products.csv (24.6 KB)
[2026-04-02 05:05:28] Meta Feed: Info: Image stats - webp=71, fallback=0, skipped=0
[2026-04-02 05:05:28] Meta Feed: Info: URL - https://poshystore.com/feeds/meta_products.csv
[2026-04-02 06:06:31] Meta Feed: Start: Generating Meta CSV
[2026-04-02 06:06:31] Meta Feed: Success: 71 products written to meta_products.csv (24.6 KB)
[2026-04-02 06:06:31] Meta Feed: Info: Image stats - webp=71, fallback=0, skipped=0
[2026-04-02 06:06:31] Meta Feed: Info: URL - https://poshystore.com/feeds/meta_products.csv
[2026-04-02 07:05:38] Meta Feed: Start: Generating Meta CSV
[2026-04-02 07:05:38] Meta Feed: Success: 71 products written to meta_products.csv (24.6 KB)
[2026-04-02 07:05:38] Meta Feed: Info: Image stats - webp=71, fallback=0, skipped=0
[2026-04-02 07:05:38] Meta Feed: Info: URL - https://poshystore.com/feeds/meta_products.csv
[2026-04-02 08:05:59] Meta Feed: Start: Generating Meta CSV
[2026-04-02 08:05:59] Meta Feed: Success: 71 products written to meta_products.csv (24.6 KB)
[2026-04-02 08:05:59] Meta Feed: Info: Image stats - webp=71, fallback=0, skipped=0
[2026-04-02 08:05:59] Meta Feed: Info: URL - https://poshystore.com/feeds/meta_products.csv
[2026-04-02 09:06:45] Meta Feed: Start: Generating Meta CSV
[2026-04-02 09:06:45] Meta Feed: Success: 71 products written to meta_products.csv (24.6 KB)
[2026-04-02 09:06:45] Meta Feed: Info: Image stats - webp=71, fallback=0, skipped=0
[2026-04-02 09:06:45] Meta Feed: Info: URL - https://poshystore.com/feeds/meta_products.csv
[2026-04-02 10:05:41] Meta Feed: Start: Generating Meta CSV
[2026-04-02 10:05:41] Meta Feed: Success: 71 products written to meta_products.csv (24.6 KB)
[2026-04-02 10:05:41] Meta Feed: Info: Image stats - webp=71, fallback=0, skipped=0
[2026-04-02 10:05:41] Meta Feed: Info: URL - https://poshystore.com/feeds/meta_products.csv
[2026-04-02 11:06:22] Meta Feed: Start: Generating Meta CSV
[2026-04-02 11:06:22] Meta Feed: Success: 71 products written to meta_products.csv (24.6 KB)
[2026-04-02 11:06:22] Meta Feed: Info: Image stats - webp=71, fallback=0, skipped=0
[2026-04-02 11:06:22] Meta Feed: Info: URL - https://poshystore.com/feeds/meta_products.csv
[2026-04-02 12:06:01] Meta Feed: Start: Generating Meta CSV
[2026-04-02 12:06:01] Meta Feed: Success: 71 products written to meta_products.csv (24.6 KB)
[2026-04-02 12:06:01] Meta Feed: Info: Image stats - webp=71, fallback=0, skipped=0
[2026-04-02 12:06:01] Meta Feed: Info: URL - https://poshystore.com/feeds/meta_products.csv
[2026-04-02 13:06:03] Meta Feed: Start: Generating Meta CSV
[2026-04-02 13:06:03] Meta Feed: Success: 71 products written to meta_products.csv (24.6 KB)
[2026-04-02 13:06:03] Meta Feed: Info: Image stats - webp=71, fallback=0, skipped=0
[2026-04-02 13:06:03] Meta Feed: Info: URL - https://poshystore.com/feeds/meta_products.csv
[2026-04-02 14:05:05] Meta Feed: Start: Generating Meta CSV
[2026-04-02 14:05:05] Meta Feed: Success: 71 products written to meta_products.csv (24.6 KB)
[2026-04-02 14:05:05] Meta Feed: Info: Image stats - webp=71, fallback=0, skipped=0
[2026-04-02 14:05:05] Meta Feed: Info: URL - https://poshystore.com/feeds/meta_products.csv
[2026-04-02 15:06:30] Meta Feed: Start: Generating Meta CSV
[2026-04-02 15:06:30] Meta Feed: Success: 71 products written to meta_products.csv (24.6 KB)
[2026-04-02 15:06:30] Meta Feed: Info: Image stats - webp=71, fallback=0, skipped=0
[2026-04-02 15:06:30] Meta Feed: Info: URL - https://poshystore.com/feeds/meta_products.csv
[2026-04-02 16:06:41] Meta Feed: Start: Generating Meta CSV
[2026-04-02 16:06:41] Meta Feed: Success: 71 products written to meta_products.csv (24.6 KB)
[2026-04-02 16:06:41] Meta Feed: Info: Image stats - webp=71, fallback=0, skipped=0
[2026-04-02 16:06:41] Meta Feed: Info: URL - https://poshystore.com/feeds/meta_products.csv
[2026-04-02 17:06:00] Meta Feed: Start: Generating Meta CSV
[2026-04-02 17:06:00] Meta Feed: Success: 71 products written to meta_products.csv (24.6 KB)
[2026-04-02 17:06:00] Meta Feed: Info: Image stats - webp=71, fallback=0, skipped=0
[2026-04-02 17:06:00] Meta Feed: Info: URL - https://poshystore.com/feeds/meta_products.csv
[2026-04-02 18:06:15] Meta Feed: Start: Generating Meta CSV
[2026-04-02 18:06:15] Meta Feed: Success: 71 products written to meta_products.csv (24.6 KB)
[2026-04-02 18:06:15] Meta Feed: Info: Image stats - webp=71, fallback=0, skipped=0
[2026-04-02 18:06:15] Meta Feed: Info: URL - https://poshystore.com/feeds/meta_products.csv
[2026-04-02 19:05:40] Meta Feed: Start: Generating Meta CSV
[2026-04-02 19:05:40] Meta Feed: Success: 71 products written to meta_products.csv (24.6 KB)
[2026-04-02 19:05:40] Meta Feed: Info: Image stats - webp=71, fallback=0, skipped=0
[2026-04-02 19:05:40] Meta Feed: Info: URL - https://poshystore.com/feeds/meta_products.csv
[2026-04-02 20:06:54] Meta Feed: Start: Generating Meta CSV
[2026-04-02 20:06:54] Meta Feed: Success: 71 products written to meta_products.csv (24.6 KB)
[2026-04-02 20:06:54] Meta Feed: Info: Image stats - webp=71, fallback=0, skipped=0
[2026-04-02 20:06:54] Meta Feed: Info: URL - https://poshystore.com/feeds/meta_products.csv
[2026-04-02 21:05:21] Meta Feed: Start: Generating Meta CSV
[2026-04-02 21:05:21] Meta Feed: Success: 71 products written to meta_products.csv (24.6 KB)
[2026-04-02 21:05:21] Meta Feed: Info: Image stats - webp=71, fallback=0, skipped=0
[2026-04-02 21:05:21] Meta Feed: Info: URL - https://poshystore.com/feeds/meta_products.csv
[2026-04-02 22:05:45] Meta Feed: Start: Generating Meta CSV
[2026-04-02 22:05:45] Meta Feed: Success: 71 products written to meta_products.csv (24.6 KB)
[2026-04-02 22:05:45] Meta Feed: Info: Image stats - webp=71, fallback=0, skipped=0
[2026-04-02 22:05:45] Meta Feed: Info: URL - https://poshystore.com/feeds/meta_products.csv
[2026-04-02 23:06:17] Meta Feed: Start: Generating Meta CSV
[2026-04-02 23:06:18] Meta Feed: Success: 71 products written to meta_products.csv (24.6 KB)
[2026-04-02 23:06:18] Meta Feed: Info: Image stats - webp=71, fallback=0, skipped=0
[2026-04-02 23:06:18] Meta Feed: Info: URL - https://poshystore.com/feeds/meta_products.csv
[2026-04-03 00:05:14] Meta Feed: Start: Generating Meta CSV
[2026-04-03 00:05:14] Meta Feed: Success: 71 products written to meta_products.csv (24.6 KB)
[2026-04-03 00:05:14] Meta Feed: Info: Image stats - webp=71, fallback=0, skipped=0
[2026-04-03 00:05:14] Meta Feed: Info: URL - https://poshystore.com/feeds/meta_products.csv
[2026-04-03 01:05:37] Meta Feed: Start: Generating Meta CSV
[2026-04-03 01:05:37] Meta Feed: Success: 71 products written to meta_products.csv (24.6 KB)
[2026-04-03 01:05:37] Meta Feed: Info: Image stats - webp=71, fallback=0, skipped=0
[2026-04-03 01:05:37] Meta Feed: Info: URL - https://poshystore.com/feeds/meta_products.csv
[2026-04-03 02:05:09] Meta Feed: Start: Generating Meta CSV
[2026-04-03 02:05:09] Meta Feed: Success: 71 products written to meta_products.csv (24.6 KB)
[2026-04-03 02:05:09] Meta Feed: Info: Image stats - webp=71, fallback=0, skipped=0
[2026-04-03 02:05:09] Meta Feed: Info: URL - https://poshystore.com/feeds/meta_products.csv
[2026-04-03 03:05:18] Meta Feed: Start: Generating Meta CSV
[2026-04-03 03:05:18] Meta Feed: Success: 71 products written to meta_products.csv (24.6 KB)
[2026-04-03 03:05:18] Meta Feed: Info: Image stats - webp=71, fallback=0, skipped=0
[2026-04-03 03:05:18] Meta Feed: Info: URL - https://poshystore.com/feeds/meta_products.csv
[2026-04-03 04:06:00] Meta Feed: Start: Generating Meta CSV
[2026-04-03 04:06:00] Meta Feed: Success: 71 products written to meta_products.csv (24.6 KB)
[2026-04-03 04:06:00] Meta Feed: Info: Image stats - webp=71, fallback=0, skipped=0
[2026-04-03 04:06:00] Meta Feed: Info: URL - https://poshystore.com/feeds/meta_products.csv
[2026-04-03 05:05:21] Meta Feed: Start: Generating Meta CSV
[2026-04-03 05:05:21] Meta Feed: Success: 71 products written to meta_products.csv (24.6 KB)
[2026-04-03 05:05:21] Meta Feed: Info: Image stats - webp=71, fallback=0, skipped=0
[2026-04-03 05:05:21] Meta Feed: Info: URL - https://poshystore.com/feeds/meta_products.csv
[2026-04-03 06:05:51] Meta Feed: Start: Generating Meta CSV
[2026-04-03 06:05:52] Meta Feed: Success: 71 products written to meta_products.csv (24.6 KB)
[2026-04-03 06:05:52] Meta Feed: Info: Image stats - webp=71, fallback=0, skipped=0
[2026-04-03 06:05:52] Meta Feed: Info: URL - https://poshystore.com/feeds/meta_products.csv
[2026-04-03 07:05:15] Meta Feed: Start: Generating Meta CSV
[2026-04-03 07:05:15] Meta Feed: Success: 71 products written to meta_products.csv (24.6 KB)
[2026-04-03 07:05:15] Meta Feed: Info: Image stats - webp=71, fallback=0, skipped=0
[2026-04-03 07:05:15] Meta Feed: Info: URL - https://poshystore.com/feeds/meta_products.csv
[2026-04-03 08:06:21] Meta Feed: Start: Generating Meta CSV
[2026-04-03 08:06:21] Meta Feed: Success: 71 products written to meta_products.csv (24.6 KB)
[2026-04-03 08:06:21] Meta Feed: Info: Image stats - webp=71, fallback=0, skipped=0
[2026-04-03 08:06:21] Meta Feed: Info: URL - https://poshystore.com/feeds/meta_products.csv
[2026-04-03 09:06:55] Meta Feed: Start: Generating Meta CSV
[2026-04-03 09:06:55] Meta Feed: Success: 71 products written to meta_products.csv (24.6 KB)
[2026-04-03 09:06:55] Meta Feed: Info: Image stats - webp=71, fallback=0, skipped=0
[2026-04-03 09:06:55] Meta Feed: Info: URL - https://poshystore.com/feeds/meta_products.csv
[2026-04-03 10:06:54] Meta Feed: Start: Generating Meta CSV
[2026-04-03 10:06:54] Meta Feed: Success: 71 products written to meta_products.csv (24.6 KB)
[2026-04-03 10:06:54] Meta Feed: Info: Image stats - webp=71, fallback=0, skipped=0
[2026-04-03 10:06:54] Meta Feed: Info: URL - https://poshystore.com/feeds/meta_products.csv
[2026-04-03 11:05:12] Meta Feed: Start: Generating Meta CSV
[2026-04-03 11:05:12] Meta Feed: Success: 71 products written to meta_products.csv (24.6 KB)
[2026-04-03 11:05:12] Meta Feed: Info: Image stats - webp=71, fallback=0, skipped=0
[2026-04-03 11:05:12] Meta Feed: Info: URL - https://poshystore.com/feeds/meta_products.csv
[2026-04-03 12:05:06] Meta Feed: Start: Generating Meta CSV
[2026-04-03 12:05:06] Meta Feed: Success: 71 products written to meta_products.csv (24.6 KB)
[2026-04-03 12:05:06] Meta Feed: Info: Image stats - webp=71, fallback=0, skipped=0
[2026-04-03 12:05:06] Meta Feed: Info: URL - https://poshystore.com/feeds/meta_products.csv
[2026-04-03 13:05:23] Meta Feed: Start: Generating Meta CSV
[2026-04-03 13:05:23] Meta Feed: Success: 71 products written to meta_products.csv (24.6 KB)
[2026-04-03 13:05:23] Meta Feed: Info: Image stats - webp=71, fallback=0, skipped=0
[2026-04-03 13:05:23] Meta Feed: Info: URL - https://poshystore.com/feeds/meta_products.csv
[2026-04-03 14:05:49] Meta Feed: Start: Generating Meta CSV
[2026-04-03 14:05:49] Meta Feed: Success: 71 products written to meta_products.csv (24.6 KB)
[2026-04-03 14:05:49] Meta Feed: Info: Image stats - webp=71, fallback=0, skipped=0
[2026-04-03 14:05:49] Meta Feed: Info: URL - https://poshystore.com/feeds/meta_products.csv
[2026-04-03 15:05:17] Meta Feed: Start: Generating Meta CSV
[2026-04-03 15:05:17] Meta Feed: Success: 71 products written to meta_products.csv (24.6 KB)
[2026-04-03 15:05:17] Meta Feed: Info: Image stats - webp=71, fallback=0, skipped=0
[2026-04-03 15:05:17] Meta Feed: Info: URL - https://poshystore.com/feeds/meta_products.csv
[2026-04-03 16:06:26] Meta Feed: Start: Generating Meta CSV
[2026-04-03 16:06:26] Meta Feed: Success: 71 products written to meta_products.csv (24.6 KB)
[2026-04-03 16:06:26] Meta Feed: Info: Image stats - webp=71, fallback=0, skipped=0
[2026-04-03 16:06:26] Meta Feed: Info: URL - https://poshystore.com/feeds/meta_products.csv
[2026-04-03 17:06:13] Meta Feed: Start: Generating Meta CSV
[2026-04-03 17:06:13] Meta Feed: Success: 71 products written to meta_products.csv (24.6 KB)
[2026-04-03 17:06:13] Meta Feed: Info: Image stats - webp=71, fallback=0, skipped=0
[2026-04-03 17:06:13] Meta Feed: Info: URL - https://poshystore.com/feeds/meta_products.csv
[2026-04-03 18:06:21] Meta Feed: Start: Generating Meta CSV
[2026-04-03 18:06:21] Meta Feed: Success: 71 products written to meta_products.csv (24.6 KB)
[2026-04-03 18:06:21] Meta Feed: Info: Image stats - webp=71, fallback=0, skipped=0
[2026-04-03 18:06:21] Meta Feed: Info: URL - https://poshystore.com/feeds/meta_products.csv
[2026-04-03 19:05:28] Meta Feed: Start: Generating Meta CSV
[2026-04-03 19:05:28] Meta Feed: Success: 71 products written to meta_products.csv (24.6 KB)
[2026-04-03 19:05:28] Meta Feed: Info: Image stats - webp=71, fallback=0, skipped=0
[2026-04-03 19:05:28] Meta Feed: Info: URL - https://poshystore.com/feeds/meta_products.csv
[2026-04-03 20:05:32] Meta Feed: Start: Generating Meta CSV
[2026-04-03 20:05:32] Meta Feed: Success: 71 products written to meta_products.csv (24.6 KB)
[2026-04-03 20:05:32] Meta Feed: Info: Image stats - webp=71, fallback=0, skipped=0
[2026-04-03 20:05:32] Meta Feed: Info: URL - https://poshystore.com/feeds/meta_products.csv
[2026-04-03 21:05:06] Meta Feed: Start: Generating Meta CSV
[2026-04-03 21:05:06] Meta Feed: Success: 71 products written to meta_products.csv (24.6 KB)
[2026-04-03 21:05:06] Meta Feed: Info: Image stats - webp=71, fallback=0, skipped=0
[2026-04-03 21:05:06] Meta Feed: Info: URL - https://poshystore.com/feeds/meta_products.csv
[2026-04-03 22:05:14] Meta Feed: Start: Generating Meta CSV
[2026-04-03 22:05:14] Meta Feed: Success: 71 products written to meta_products.csv (24.6 KB)
[2026-04-03 22:05:14] Meta Feed: Info: Image stats - webp=71, fallback=0, skipped=0
[2026-04-03 22:05:14] Meta Feed: Info: URL - https://poshystore.com/feeds/meta_products.csv
[2026-04-03 23:06:44] Meta Feed: Start: Generating Meta CSV
[2026-04-03 23:06:44] Meta Feed: Success: 71 products written to meta_products.csv (24.6 KB)
[2026-04-03 23:06:44] Meta Feed: Info: Image stats - webp=71, fallback=0, skipped=0
[2026-04-03 23:06:44] Meta Feed: Info: URL - https://poshystore.com/feeds/meta_products.csv
[2026-04-04 00:06:02] Meta Feed: Start: Generating Meta CSV
[2026-04-04 00:06:02] Meta Feed: Success: 71 products written to meta_products.csv (24.6 KB)
[2026-04-04 00:06:02] Meta Feed: Info: Image stats - webp=71, fallback=0, skipped=0
[2026-04-04 00:06:02] Meta Feed: Info: URL - https://poshystore.com/feeds/meta_products.csv
[2026-04-04 01:06:12] Meta Feed: Start: Generating Meta CSV
[2026-04-04 01:06:12] Meta Feed: Success: 71 products written to meta_products.csv (24.6 KB)
[2026-04-04 01:06:12] Meta Feed: Info: Image stats - webp=71, fallback=0, skipped=0
[2026-04-04 01:06:12] Meta Feed: Info: URL - https://poshystore.com/feeds/meta_products.csv
[2026-04-04 02:05:51] Meta Feed: Start: Generating Meta CSV
[2026-04-04 02:05:51] Meta Feed: Success: 71 products written to meta_products.csv (24.6 KB)
[2026-04-04 02:05:51] Meta Feed: Info: Image stats - webp=71, fallback=0, skipped=0
[2026-04-04 02:05:51] Meta Feed: Info: URL - https://poshystore.com/feeds/meta_products.csv
[2026-04-04 03:05:34] Meta Feed: Start: Generating Meta CSV
[2026-04-04 03:05:34] Meta Feed: Success: 71 products written to meta_products.csv (24.6 KB)
[2026-04-04 03:05:34] Meta Feed: Info: Image stats - webp=71, fallback=0, skipped=0
[2026-04-04 03:05:34] Meta Feed: Info: URL - https://poshystore.com/feeds/meta_products.csv
[2026-04-04 04:06:07] Meta Feed: Start: Generating Meta CSV
[2026-04-04 04:06:07] Meta Feed: Success: 71 products written to meta_products.csv (24.6 KB)
[2026-04-04 04:06:07] Meta Feed: Info: Image stats - webp=71, fallback=0, skipped=0
[2026-04-04 04:06:07] Meta Feed: Info: URL - https://poshystore.com/feeds/meta_products.csv
[2026-04-04 05:05:10] Meta Feed: Start: Generating Meta CSV
[2026-04-04 05:05:10] Meta Feed: Success: 71 products written to meta_products.csv (24.6 KB)
[2026-04-04 05:05:10] Meta Feed: Info: Image stats - webp=71, fallback=0, skipped=0
[2026-04-04 05:05:10] Meta Feed: Info: URL - https://poshystore.com/feeds/meta_products.csv
[2026-04-04 06:07:03] Meta Feed: Start: Generating Meta CSV
[2026-04-04 06:07:03] Meta Feed: Success: 71 products written to meta_products.csv (24.6 KB)
[2026-04-04 06:07:03] Meta Feed: Info: Image stats - webp=71, fallback=0, skipped=0
[2026-04-04 06:07:03] Meta Feed: Info: URL - https://poshystore.com/feeds/meta_products.csv
[2026-04-04 07:06:39] Meta Feed: Start: Generating Meta CSV
[2026-04-04 07:06:39] Meta Feed: Success: 71 products written to meta_products.csv (24.6 KB)
[2026-04-04 07:06:39] Meta Feed: Info: Image stats - webp=71, fallback=0, skipped=0
[2026-04-04 07:06:39] Meta Feed: Info: URL - https://poshystore.com/feeds/meta_products.csv
[2026-04-04 08:06:37] Meta Feed: Start: Generating Meta CSV
[2026-04-04 08:06:37] Meta Feed: Success: 71 products written to meta_products.csv (24.6 KB)
[2026-04-04 08:06:37] Meta Feed: Info: Image stats - webp=71, fallback=0, skipped=0
[2026-04-04 08:06:37] Meta Feed: Info: URL - https://poshystore.com/feeds/meta_products.csv
[2026-04-04 09:05:39] Meta Feed: Start: Generating Meta CSV
[2026-04-04 09:05:39] Meta Feed: Success: 71 products written to meta_products.csv (24.6 KB)
[2026-04-04 09:05:39] Meta Feed: Info: Image stats - webp=71, fallback=0, skipped=0
[2026-04-04 09:05:39] Meta Feed: Info: URL - https://poshystore.com/feeds/meta_products.csv
[2026-04-04 10:06:32] Meta Feed: Start: Generating Meta CSV
[2026-04-04 10:06:32] Meta Feed: Success: 71 products written to meta_products.csv (24.6 KB)
[2026-04-04 10:06:32] Meta Feed: Info: Image stats - webp=71, fallback=0, skipped=0
[2026-04-04 10:06:32] Meta Feed: Info: URL - https://poshystore.com/feeds/meta_products.csv
[2026-04-04 11:06:23] Meta Feed: Start: Generating Meta CSV
[2026-04-04 11:06:23] Meta Feed: Success: 71 products written to meta_products.csv (24.6 KB)
[2026-04-04 11:06:23] Meta Feed: Info: Image stats - webp=71, fallback=0, skipped=0
[2026-04-04 11:06:23] Meta Feed: Info: URL - https://poshystore.com/feeds/meta_products.csv
[2026-04-04 12:06:19] Meta Feed: Start: Generating Meta CSV
[2026-04-04 12:06:19] Meta Feed: Success: 71 products written to meta_products.csv (24.6 KB)
[2026-04-04 12:06:19] Meta Feed: Info: Image stats - webp=71, fallback=0, skipped=0
[2026-04-04 12:06:19] Meta Feed: Info: URL - https://poshystore.com/feeds/meta_products.csv
[2026-04-04 13:05:11] Meta Feed: Start: Generating Meta CSV
[2026-04-04 13:05:11] Meta Feed: Success: 71 products written to meta_products.csv (24.6 KB)
[2026-04-04 13:05:11] Meta Feed: Info: Image stats - webp=71, fallback=0, skipped=0
[2026-04-04 13:05:11] Meta Feed: Info: URL - https://poshystore.com/feeds/meta_products.csv
[2026-04-04 14:06:41] Meta Feed: Start: Generating Meta CSV
[2026-04-04 14:06:41] Meta Feed: Success: 71 products written to meta_products.csv (24.6 KB)
[2026-04-04 14:06:41] Meta Feed: Info: Image stats - webp=71, fallback=0, skipped=0
[2026-04-04 14:06:41] Meta Feed: Info: URL - https://poshystore.com/feeds/meta_products.csv
[2026-04-04 15:06:49] Meta Feed: Start: Generating Meta CSV
[2026-04-04 15:06:49] Meta Feed: Success: 71 products written to meta_products.csv (24.6 KB)
[2026-04-04 15:06:49] Meta Feed: Info: Image stats - webp=71, fallback=0, skipped=0
[2026-04-04 15:06:49] Meta Feed: Info: URL - https://poshystore.com/feeds/meta_products.csv
[2026-04-04 16:06:36] Meta Feed: Start: Generating Meta CSV
[2026-04-04 16:06:36] Meta Feed: Success: 71 products written to meta_products.csv (24.6 KB)
[2026-04-04 16:06:36] Meta Feed: Info: Image stats - webp=71, fallback=0, skipped=0
[2026-04-04 16:06:36] Meta Feed: Info: URL - https://poshystore.com/feeds/meta_products.csv
[2026-04-04 17:06:32] Meta Feed: Start: Generating Meta CSV
[2026-04-04 17:06:32] Meta Feed: Success: 71 products written to meta_products.csv (24.6 KB)
[2026-04-04 17:06:32] Meta Feed: Info: Image stats - webp=71, fallback=0, skipped=0
[2026-04-04 17:06:32] Meta Feed: Info: URL - https://poshystore.com/feeds/meta_products.csv
[2026-04-04 18:06:07] Meta Feed: Start: Generating Meta CSV
[2026-04-04 18:06:07] Meta Feed: Success: 71 products written to meta_products.csv (24.6 KB)
[2026-04-04 18:06:07] Meta Feed: Info: Image stats - webp=71, fallback=0, skipped=0
[2026-04-04 18:06:07] Meta Feed: Info: URL - https://poshystore.com/feeds/meta_products.csv
[2026-04-04 19:06:58] Meta Feed: Start: Generating Meta CSV
[2026-04-04 19:06:58] Meta Feed: Success: 71 products written to meta_products.csv (24.6 KB)
[2026-04-04 19:06:58] Meta Feed: Info: Image stats - webp=71, fallback=0, skipped=0
[2026-04-04 19:06:58] Meta Feed: Info: URL - https://poshystore.com/feeds/meta_products.csv
[2026-04-04 20:05:42] Meta Feed: Start: Generating Meta CSV
[2026-04-04 20:05:42] Meta Feed: Success: 71 products written to meta_products.csv (24.6 KB)
[2026-04-04 20:05:42] Meta Feed: Info: Image stats - webp=71, fallback=0, skipped=0
[2026-04-04 20:05:42] Meta Feed: Info: URL - https://poshystore.com/feeds/meta_products.csv
[2026-04-04 21:05:19] Meta Feed: Start: Generating Meta CSV
[2026-04-04 21:05:19] Meta Feed: Success: 71 products written to meta_products.csv (24.6 KB)
[2026-04-04 21:05:19] Meta Feed: Info: Image stats - webp=71, fallback=0, skipped=0
[2026-04-04 21:05:19] Meta Feed: Info: URL - https://poshystore.com/feeds/meta_products.csv
[2026-04-04 22:06:47] Meta Feed: Start: Generating Meta CSV
[2026-04-04 22:06:47] Meta Feed: Success: 71 products written to meta_products.csv (24.6 KB)
[2026-04-04 22:06:47] Meta Feed: Info: Image stats - webp=71, fallback=0, skipped=0
[2026-04-04 22:06:47] Meta Feed: Info: URL - https://poshystore.com/feeds/meta_products.csv
[2026-04-04 23:05:52] Meta Feed: Start: Generating Meta CSV
[2026-04-04 23:05:52] Meta Feed: Success: 71 products written to meta_products.csv (24.6 KB)
[2026-04-04 23:05:52] Meta Feed: Info: Image stats - webp=71, fallback=0, skipped=0
[2026-04-04 23:05:52] Meta Feed: Info: URL - https://poshystore.com/feeds/meta_products.csv
[2026-04-05 00:06:51] Meta Feed: Start: Generating Meta CSV
[2026-04-05 00:06:51] Meta Feed: Success: 71 products written to meta_products.csv (24.6 KB)
[2026-04-05 00:06:51] Meta Feed: Info: Image stats - webp=71, fallback=0, skipped=0
[2026-04-05 00:06:51] Meta Feed: Info: URL - https://poshystore.com/feeds/meta_products.csv
[2026-04-05 01:06:51] Meta Feed: Start: Generating Meta CSV
[2026-04-05 01:06:51] Meta Feed: Success: 71 products written to meta_products.csv (24.6 KB)
[2026-04-05 01:06:51] Meta Feed: Info: Image stats - webp=71, fallback=0, skipped=0
[2026-04-05 01:06:51] Meta Feed: Info: URL - https://poshystore.com/feeds/meta_products.csv
[2026-04-05 02:05:33] Meta Feed: Start: Generating Meta CSV
[2026-04-05 02:05:33] Meta Feed: Success: 71 products written to meta_products.csv (24.6 KB)
[2026-04-05 02:05:33] Meta Feed: Info: Image stats - webp=71, fallback=0, skipped=0
[2026-04-05 02:05:33] Meta Feed: Info: URL - https://poshystore.com/feeds/meta_products.csv
[2026-04-05 03:06:44] Meta Feed: Start: Generating Meta CSV
[2026-04-05 03:06:44] Meta Feed: Success: 71 products written to meta_products.csv (24.6 KB)
[2026-04-05 03:06:44] Meta Feed: Info: Image stats - webp=71, fallback=0, skipped=0
[2026-04-05 03:06:44] Meta Feed: Info: URL - https://poshystore.com/feeds/meta_products.csv
[2026-04-05 04:05:14] Meta Feed: Start: Generating Meta CSV
[2026-04-05 04:05:14] Meta Feed: Success: 71 products written to meta_products.csv (24.6 KB)
[2026-04-05 04:05:14] Meta Feed: Info: Image stats - webp=71, fallback=0, skipped=0
[2026-04-05 04:05:14] Meta Feed: Info: URL - https://poshystore.com/feeds/meta_products.csv
[2026-04-05 05:06:37] Meta Feed: Start: Generating Meta CSV
[2026-04-05 05:06:37] Meta Feed: Success: 71 products written to meta_products.csv (24.6 KB)
[2026-04-05 05:06:37] Meta Feed: Info: Image stats - webp=71, fallback=0, skipped=0
[2026-04-05 05:06:37] Meta Feed: Info: URL - https://poshystore.com/feeds/meta_products.csv
[2026-04-05 06:05:14] Meta Feed: Start: Generating Meta CSV
[2026-04-05 06:05:15] Meta Feed: Success: 71 products written to meta_products.csv (24.6 KB)
[2026-04-05 06:05:15] Meta Feed: Info: Image stats - webp=71, fallback=0, skipped=0
[2026-04-05 06:05:15] Meta Feed: Info: URL - https://poshystore.com/feeds/meta_products.csv
[2026-04-05 07:05:32] Meta Feed: Start: Generating Meta CSV
[2026-04-05 07:05:32] Meta Feed: Success: 71 products written to meta_products.csv (24.6 KB)
[2026-04-05 07:05:32] Meta Feed: Info: Image stats - webp=71, fallback=0, skipped=0
[2026-04-05 07:05:32] Meta Feed: Info: URL - https://poshystore.com/feeds/meta_products.csv
[2026-04-05 08:05:14] Meta Feed: Start: Generating Meta CSV
[2026-04-05 08:05:14] Meta Feed: Success: 71 products written to meta_products.csv (24.6 KB)
[2026-04-05 08:05:14] Meta Feed: Info: Image stats - webp=71, fallback=0, skipped=0
[2026-04-05 08:05:14] Meta Feed: Info: URL - https://poshystore.com/feeds/meta_products.csv
[2026-04-05 09:06:47] Meta Feed: Start: Generating Meta CSV
[2026-04-05 09:06:47] Meta Feed: Success: 71 products written to meta_products.csv (24.6 KB)
[2026-04-05 09:06:47] Meta Feed: Info: Image stats - webp=71, fallback=0, skipped=0
[2026-04-05 09:06:47] Meta Feed: Info: URL - https://poshystore.com/feeds/meta_products.csv
[2026-04-05 10:05:12] Meta Feed: Start: Generating Meta CSV
[2026-04-05 10:05:12] Meta Feed: Success: 71 products written to meta_products.csv (24.6 KB)
[2026-04-05 10:05:12] Meta Feed: Info: Image stats - webp=71, fallback=0, skipped=0
[2026-04-05 10:05:12] Meta Feed: Info: URL - https://poshystore.com/feeds/meta_products.csv
[2026-04-05 11:06:08] Meta Feed: Start: Generating Meta CSV
[2026-04-05 11:06:08] Meta Feed: Success: 71 products written to meta_products.csv (24.6 KB)
[2026-04-05 11:06:08] Meta Feed: Info: Image stats - webp=71, fallback=0, skipped=0
[2026-04-05 11:06:08] Meta Feed: Info: URL - https://poshystore.com/feeds/meta_products.csv
[2026-04-05 12:05:34] Meta Feed: Start: Generating Meta CSV
[2026-04-05 12:05:34] Meta Feed: Success: 71 products written to meta_products.csv (24.6 KB)
[2026-04-05 12:05:34] Meta Feed: Info: Image stats - webp=71, fallback=0, skipped=0
[2026-04-05 12:05:34] Meta Feed: Info: URL - https://poshystore.com/feeds/meta_products.csv
[2026-04-05 13:05:23] Meta Feed: Start: Generating Meta CSV
[2026-04-05 13:05:23] Meta Feed: Success: 71 products written to meta_products.csv (24.6 KB)
[2026-04-05 13:05:23] Meta Feed: Info: Image stats - webp=71, fallback=0, skipped=0
[2026-04-05 13:05:23] Meta Feed: Info: URL - https://poshystore.com/feeds/meta_products.csv
[2026-04-05 14:06:25] Meta Feed: Start: Generating Meta CSV
[2026-04-05 14:06:25] Meta Feed: Success: 71 products written to meta_products.csv (24.6 KB)
[2026-04-05 14:06:25] Meta Feed: Info: Image stats - webp=71, fallback=0, skipped=0
[2026-04-05 14:06:25] Meta Feed: Info: URL - https://poshystore.com/feeds/meta_products.csv
[2026-04-05 15:05:03] Meta Feed: Start: Generating Meta CSV
[2026-04-05 15:05:03] Meta Feed: Success: 71 products written to meta_products.csv (24.6 KB)
[2026-04-05 15:05:03] Meta Feed: Info: Image stats - webp=71, fallback=0, skipped=0
[2026-04-05 15:05:03] Meta Feed: Info: URL - https://poshystore.com/feeds/meta_products.csv
[2026-04-05 16:06:30] Meta Feed: Start: Generating Meta CSV
[2026-04-05 16:06:30] Meta Feed: Success: 71 products written to meta_products.csv (24.6 KB)
[2026-04-05 16:06:30] Meta Feed: Info: Image stats - webp=71, fallback=0, skipped=0
[2026-04-05 16:06:30] Meta Feed: Info: URL - https://poshystore.com/feeds/meta_products.csv
[2026-04-05 17:05:16] Meta Feed: Start: Generating Meta CSV
[2026-04-05 17:05:16] Meta Feed: Success: 71 products written to meta_products.csv (24.6 KB)
[2026-04-05 17:05:16] Meta Feed: Info: Image stats - webp=71, fallback=0, skipped=0
[2026-04-05 17:05:16] Meta Feed: Info: URL - https://poshystore.com/feeds/meta_products.csv
[2026-04-05 18:05:10] Meta Feed: Start: Generating Meta CSV
[2026-04-05 18:05:10] Meta Feed: Success: 71 products written to meta_products.csv (24.6 KB)
[2026-04-05 18:05:10] Meta Feed: Info: Image stats - webp=71, fallback=0, skipped=0
[2026-04-05 18:05:10] Meta Feed: Info: URL - https://poshystore.com/feeds/meta_products.csv
[2026-04-05 19:05:38] Meta Feed: Start: Generating Meta CSV
[2026-04-05 19:05:38] Meta Feed: Success: 71 products written to meta_products.csv (24.6 KB)
[2026-04-05 19:05:38] Meta Feed: Info: Image stats - webp=71, fallback=0, skipped=0
[2026-04-05 19:05:38] Meta Feed: Info: URL - https://poshystore.com/feeds/meta_products.csv
[2026-04-05 20:06:46] Meta Feed: Start: Generating Meta CSV
[2026-04-05 20:06:47] Meta Feed: Success: 71 products written to meta_products.csv (24.6 KB)
[2026-04-05 20:06:47] Meta Feed: Info: Image stats - webp=71, fallback=0, skipped=0
[2026-04-05 20:06:47] Meta Feed: Info: URL - https://poshystore.com/feeds/meta_products.csv
[2026-04-05 21:07:00] Meta Feed: Start: Generating Meta CSV
[2026-04-05 21:07:00] Meta Feed: Success: 71 products written to meta_products.csv (24.6 KB)
[2026-04-05 21:07:00] Meta Feed: Info: Image stats - webp=71, fallback=0, skipped=0
[2026-04-05 21:07:00] Meta Feed: Info: URL - https://poshystore.com/feeds/meta_products.csv
[2026-04-05 22:05:29] Meta Feed: Start: Generating Meta CSV
[2026-04-05 22:05:29] Meta Feed: Success: 71 products written to meta_products.csv (24.6 KB)
[2026-04-05 22:05:29] Meta Feed: Info: Image stats - webp=71, fallback=0, skipped=0
[2026-04-05 22:05:29] Meta Feed: Info: URL - https://poshystore.com/feeds/meta_products.csv
[2026-04-05 23:05:13] Meta Feed: Start: Generating Meta CSV
[2026-04-05 23:05:13] Meta Feed: Success: 71 products written to meta_products.csv (24.6 KB)
[2026-04-05 23:05:13] Meta Feed: Info: Image stats - webp=71, fallback=0, skipped=0
[2026-04-05 23:05:13] Meta Feed: Info: URL - https://poshystore.com/feeds/meta_products.csv
[2026-04-06 00:05:03] Meta Feed: Start: Generating Meta CSV
[2026-04-06 00:05:03] Meta Feed: Success: 71 products written to meta_products.csv (24.6 KB)
[2026-04-06 00:05:03] Meta Feed: Info: Image stats - webp=71, fallback=0, skipped=0
[2026-04-06 00:05:03] Meta Feed: Info: URL - https://poshystore.com/feeds/meta_products.csv
[2026-04-06 01:05:32] Meta Feed: Start: Generating Meta CSV
[2026-04-06 01:05:32] Meta Feed: Success: 71 products written to meta_products.csv (24.6 KB)
[2026-04-06 01:05:32] Meta Feed: Info: Image stats - webp=71, fallback=0, skipped=0
[2026-04-06 01:05:32] Meta Feed: Info: URL - https://poshystore.com/feeds/meta_products.csv
[2026-04-06 02:05:05] Meta Feed: Start: Generating Meta CSV
[2026-04-06 02:05:05] Meta Feed: Success: 71 products written to meta_products.csv (24.6 KB)
[2026-04-06 02:05:05] Meta Feed: Info: Image stats - webp=71, fallback=0, skipped=0
[2026-04-06 02:05:05] Meta Feed: Info: URL - https://poshystore.com/feeds/meta_products.csv
[2026-04-06 03:05:02] Meta Feed: Start: Generating Meta CSV
[2026-04-06 03:05:02] Meta Feed: Success: 71 products written to meta_products.csv (24.6 KB)
[2026-04-06 03:05:02] Meta Feed: Info: Image stats - webp=71, fallback=0, skipped=0
[2026-04-06 03:05:02] Meta Feed: Info: URL - https://poshystore.com/feeds/meta_products.csv
[2026-04-06 04:06:57] Meta Feed: Start: Generating Meta CSV
[2026-04-06 04:06:57] Meta Feed: Success: 71 products written to meta_products.csv (24.6 KB)
[2026-04-06 04:06:57] Meta Feed: Info: Image stats - webp=71, fallback=0, skipped=0
[2026-04-06 04:06:57] Meta Feed: Info: URL - https://poshystore.com/feeds/meta_products.csv
[2026-04-06 05:06:42] Meta Feed: Start: Generating Meta CSV
[2026-04-06 05:06:42] Meta Feed: Success: 71 products written to meta_products.csv (24.6 KB)
[2026-04-06 05:06:42] Meta Feed: Info: Image stats - webp=71, fallback=0, skipped=0
[2026-04-06 05:06:42] Meta Feed: Info: URL - https://poshystore.com/feeds/meta_products.csv
[2026-04-06 06:05:09] Meta Feed: Start: Generating Meta CSV
[2026-04-06 06:05:09] Meta Feed: Success: 71 products written to meta_products.csv (24.6 KB)
[2026-04-06 06:05:09] Meta Feed: Info: Image stats - webp=71, fallback=0, skipped=0
[2026-04-06 06:05:09] Meta Feed: Info: URL - https://poshystore.com/feeds/meta_products.csv
[2026-04-06 07:05:19] Meta Feed: Start: Generating Meta CSV
[2026-04-06 07:05:19] Meta Feed: Success: 71 products written to meta_products.csv (24.6 KB)
[2026-04-06 07:05:19] Meta Feed: Info: Image stats - webp=71, fallback=0, skipped=0
[2026-04-06 07:05:19] Meta Feed: Info: URL - https://poshystore.com/feeds/meta_products.csv
[2026-04-06 08:05:11] Meta Feed: Start: Generating Meta CSV
[2026-04-06 08:05:12] Meta Feed: Success: 71 products written to meta_products.csv (24.6 KB)
[2026-04-06 08:05:12] Meta Feed: Info: Image stats - webp=71, fallback=0, skipped=0
[2026-04-06 08:05:12] Meta Feed: Info: URL - https://poshystore.com/feeds/meta_products.csv
[2026-04-06 09:06:22] Meta Feed: Start: Generating Meta CSV
[2026-04-06 09:06:22] Meta Feed: Success: 71 products written to meta_products.csv (24.6 KB)
[2026-04-06 09:06:22] Meta Feed: Info: Image stats - webp=71, fallback=0, skipped=0
[2026-04-06 09:06:22] Meta Feed: Info: URL - https://poshystore.com/feeds/meta_products.csv
[2026-04-06 10:05:48] Meta Feed: Start: Generating Meta CSV
[2026-04-06 10:05:48] Meta Feed: Success: 71 products written to meta_products.csv (24.6 KB)
[2026-04-06 10:05:48] Meta Feed: Info: Image stats - webp=71, fallback=0, skipped=0
[2026-04-06 10:05:48] Meta Feed: Info: URL - https://poshystore.com/feeds/meta_products.csv
[2026-04-06 11:05:40] Meta Feed: Start: Generating Meta CSV
[2026-04-06 11:05:40] Meta Feed: Success: 71 products written to meta_products.csv (24.6 KB)
[2026-04-06 11:05:40] Meta Feed: Info: Image stats - webp=71, fallback=0, skipped=0
[2026-04-06 11:05:40] Meta Feed: Info: URL - https://poshystore.com/feeds/meta_products.csv
[2026-04-06 12:06:51] Meta Feed: Start: Generating Meta CSV
[2026-04-06 12:06:51] Meta Feed: Success: 71 products written to meta_products.csv (24.6 KB)
[2026-04-06 12:06:51] Meta Feed: Info: Image stats - webp=71, fallback=0, skipped=0
[2026-04-06 12:06:51] Meta Feed: Info: URL - https://poshystore.com/feeds/meta_products.csv
[2026-04-06 13:06:17] Meta Feed: Start: Generating Meta CSV
[2026-04-06 13:06:18] Meta Feed: Success: 71 products written to meta_products.csv (24.6 KB)
[2026-04-06 13:06:18] Meta Feed: Info: Image stats - webp=71, fallback=0, skipped=0
[2026-04-06 13:06:18] Meta Feed: Info: URL - https://poshystore.com/feeds/meta_products.csv
[2026-04-06 14:05:53] Meta Feed: Start: Generating Meta CSV
[2026-04-06 14:05:53] Meta Feed: Success: 71 products written to meta_products.csv (24.6 KB)
[2026-04-06 14:05:53] Meta Feed: Info: Image stats - webp=71, fallback=0, skipped=0
[2026-04-06 14:05:53] Meta Feed: Info: URL - https://poshystore.com/feeds/meta_products.csv
[2026-04-06 15:06:03] Meta Feed: Start: Generating Meta CSV
[2026-04-06 15:06:03] Meta Feed: Success: 71 products written to meta_products.csv (24.6 KB)
[2026-04-06 15:06:03] Meta Feed: Info: Image stats - webp=71, fallback=0, skipped=0
[2026-04-06 15:06:03] Meta Feed: Info: URL - https://poshystore.com/feeds/meta_products.csv
[2026-04-06 16:05:30] Meta Feed: Start: Generating Meta CSV
[2026-04-06 16:05:30] Meta Feed: Success: 71 products written to meta_products.csv (24.6 KB)
[2026-04-06 16:05:30] Meta Feed: Info: Image stats - webp=71, fallback=0, skipped=0
[2026-04-06 16:05:30] Meta Feed: Info: URL - https://poshystore.com/feeds/meta_products.csv
[2026-04-06 17:06:46] Meta Feed: Start: Generating Meta CSV
[2026-04-06 17:06:46] Meta Feed: Success: 71 products written to meta_products.csv (24.6 KB)
[2026-04-06 17:06:46] Meta Feed: Info: Image stats - webp=71, fallback=0, skipped=0
[2026-04-06 17:06:46] Meta Feed: Info: URL - https://poshystore.com/feeds/meta_products.csv
[2026-04-06 18:06:12] Meta Feed: Start: Generating Meta CSV
[2026-04-06 18:06:12] Meta Feed: Success: 71 products written to meta_products.csv (24.6 KB)
[2026-04-06 18:06:12] Meta Feed: Info: Image stats - webp=71, fallback=0, skipped=0
[2026-04-06 18:06:12] Meta Feed: Info: URL - https://poshystore.com/feeds/meta_products.csv
[2026-04-06 19:05:29] Meta Feed: Start: Generating Meta CSV
[2026-04-06 19:05:29] Meta Feed: Success: 71 products written to meta_products.csv (24.6 KB)
[2026-04-06 19:05:29] Meta Feed: Info: Image stats - webp=71, fallback=0, skipped=0
[2026-04-06 19:05:29] Meta Feed: Info: URL - https://poshystore.com/feeds/meta_products.csv
[2026-04-06 20:05:05] Meta Feed: Start: Generating Meta CSV
[2026-04-06 20:05:05] Meta Feed: Success: 71 products written to meta_products.csv (24.6 KB)
[2026-04-06 20:05:05] Meta Feed: Info: Image stats - webp=71, fallback=0, skipped=0
[2026-04-06 20:05:05] Meta Feed: Info: URL - https://poshystore.com/feeds/meta_products.csv
[2026-04-06 21:05:10] Meta Feed: Start: Generating Meta CSV
[2026-04-06 21:05:10] Meta Feed: Success: 71 products written to meta_products.csv (24.6 KB)
[2026-04-06 21:05:10] Meta Feed: Info: Image stats - webp=71, fallback=0, skipped=0
[2026-04-06 21:05:10] Meta Feed: Info: URL - https://poshystore.com/feeds/meta_products.csv
[2026-04-06 22:05:47] Meta Feed: Start: Generating Meta CSV
[2026-04-06 22:05:47] Meta Feed: Success: 71 products written to meta_products.csv (24.6 KB)
[2026-04-06 22:05:47] Meta Feed: Info: Image stats - webp=71, fallback=0, skipped=0
[2026-04-06 22:05:47] Meta Feed: Info: URL - https://poshystore.com/feeds/meta_products.csv
[2026-04-06 23:05:06] Meta Feed: Start: Generating Meta CSV
[2026-04-06 23:05:06] Meta Feed: Success: 71 products written to meta_products.csv (24.6 KB)
[2026-04-06 23:05:06] Meta Feed: Info: Image stats - webp=71, fallback=0, skipped=0
[2026-04-06 23:05:06] Meta Feed: Info: URL - https://poshystore.com/feeds/meta_products.csv
[2026-04-07 00:05:51] Meta Feed: Start: Generating Meta CSV
[2026-04-07 00:05:51] Meta Feed: Success: 71 products written to meta_products.csv (24.6 KB)
[2026-04-07 00:05:51] Meta Feed: Info: Image stats - webp=71, fallback=0, skipped=0
[2026-04-07 00:05:51] Meta Feed: Info: URL - https://poshystore.com/feeds/meta_products.csv
[2026-04-07 01:06:12] Meta Feed: Start: Generating Meta CSV
[2026-04-07 01:06:12] Meta Feed: Success: 71 products written to meta_products.csv (24.6 KB)
[2026-04-07 01:06:12] Meta Feed: Info: Image stats - webp=71, fallback=0, skipped=0
[2026-04-07 01:06:12] Meta Feed: Info: URL - https://poshystore.com/feeds/meta_products.csv
[2026-04-07 02:05:40] Meta Feed: Start: Generating Meta CSV
[2026-04-07 02:05:40] Meta Feed: Success: 71 products written to meta_products.csv (24.6 KB)
[2026-04-07 02:05:40] Meta Feed: Info: Image stats - webp=71, fallback=0, skipped=0
[2026-04-07 02:05:40] Meta Feed: Info: URL - https://poshystore.com/feeds/meta_products.csv
[2026-04-07 03:06:03] Meta Feed: Start: Generating Meta CSV
[2026-04-07 03:06:03] Meta Feed: Success: 71 products written to meta_products.csv (24.6 KB)
[2026-04-07 03:06:03] Meta Feed: Info: Image stats - webp=71, fallback=0, skipped=0
[2026-04-07 03:06:03] Meta Feed: Info: URL - https://poshystore.com/feeds/meta_products.csv
[2026-04-07 04:05:49] Meta Feed: Start: Generating Meta CSV
[2026-04-07 04:05:49] Meta Feed: Success: 71 products written to meta_products.csv (24.6 KB)
[2026-04-07 04:05:49] Meta Feed: Info: Image stats - webp=71, fallback=0, skipped=0
[2026-04-07 04:05:49] Meta Feed: Info: URL - https://poshystore.com/feeds/meta_products.csv
[2026-04-07 05:06:56] Meta Feed: Start: Generating Meta CSV
[2026-04-07 05:06:56] Meta Feed: Success: 71 products written to meta_products.csv (24.6 KB)
[2026-04-07 05:06:56] Meta Feed: Info: Image stats - webp=71, fallback=0, skipped=0
[2026-04-07 05:06:56] Meta Feed: Info: URL - https://poshystore.com/feeds/meta_products.csv
[2026-04-07 06:05:58] Meta Feed: Start: Generating Meta CSV
[2026-04-07 06:05:58] Meta Feed: Success: 71 products written to meta_products.csv (24.6 KB)
[2026-04-07 06:05:58] Meta Feed: Info: Image stats - webp=71, fallback=0, skipped=0
[2026-04-07 06:05:58] Meta Feed: Info: URL - https://poshystore.com/feeds/meta_products.csv
[2026-04-07 07:05:57] Meta Feed: Start: Generating Meta CSV
[2026-04-07 07:05:57] Meta Feed: Success: 71 products written to meta_products.csv (24.6 KB)
[2026-04-07 07:05:57] Meta Feed: Info: Image stats - webp=71, fallback=0, skipped=0
[2026-04-07 07:05:57] Meta Feed: Info: URL - https://poshystore.com/feeds/meta_products.csv
[2026-04-07 08:06:40] Meta Feed: Start: Generating Meta CSV
[2026-04-07 08:06:40] Meta Feed: Success: 71 products written to meta_products.csv (24.6 KB)
[2026-04-07 08:06:40] Meta Feed: Info: Image stats - webp=71, fallback=0, skipped=0
[2026-04-07 08:06:40] Meta Feed: Info: URL - https://poshystore.com/feeds/meta_products.csv
[2026-04-07 09:05:25] Meta Feed: Start: Generating Meta CSV
[2026-04-07 09:05:25] Meta Feed: Success: 71 products written to meta_products.csv (24.6 KB)
[2026-04-07 09:05:25] Meta Feed: Info: Image stats - webp=71, fallback=0, skipped=0
[2026-04-07 09:05:25] Meta Feed: Info: URL - https://poshystore.com/feeds/meta_products.csv
[2026-04-07 10:06:42] Meta Feed: Start: Generating Meta CSV
[2026-04-07 10:06:42] Meta Feed: Success: 71 products written to meta_products.csv (24.6 KB)
[2026-04-07 10:06:42] Meta Feed: Info: Image stats - webp=71, fallback=0, skipped=0
[2026-04-07 10:06:42] Meta Feed: Info: URL - https://poshystore.com/feeds/meta_products.csv
[2026-04-07 11:05:19] Meta Feed: Start: Generating Meta CSV
[2026-04-07 11:05:19] Meta Feed: Success: 71 products written to meta_products.csv (24.6 KB)
[2026-04-07 11:05:19] Meta Feed: Info: Image stats - webp=71, fallback=0, skipped=0
[2026-04-07 11:05:19] Meta Feed: Info: URL - https://poshystore.com/feeds/meta_products.csv
[2026-04-07 12:06:50] Meta Feed: Start: Generating Meta CSV
[2026-04-07 12:06:50] Meta Feed: Success: 71 products written to meta_products.csv (24.6 KB)
[2026-04-07 12:06:50] Meta Feed: Info: Image stats - webp=71, fallback=0, skipped=0
[2026-04-07 12:06:50] Meta Feed: Info: URL - https://poshystore.com/feeds/meta_products.csv
[2026-04-07 13:06:30] Meta Feed: Start: Generating Meta CSV
[2026-04-07 13:06:30] Meta Feed: Success: 71 products written to meta_products.csv (24.6 KB)
[2026-04-07 13:06:30] Meta Feed: Info: Image stats - webp=71, fallback=0, skipped=0
[2026-04-07 13:06:30] Meta Feed: Info: URL - https://poshystore.com/feeds/meta_products.csv
[2026-04-07 14:05:49] Meta Feed: Start: Generating Meta CSV
[2026-04-07 14:05:49] Meta Feed: Success: 71 products written to meta_products.csv (24.6 KB)
[2026-04-07 14:05:49] Meta Feed: Info: Image stats - webp=71, fallback=0, skipped=0
[2026-04-07 14:05:49] Meta Feed: Info: URL - https://poshystore.com/feeds/meta_products.csv
